#
# A fatal error has been detected by the Java Runtime Environment:
#
#  EXCEPTION_ACCESS_VIOLATION (0xc0000005) at pc=0x0000000059659f6a, pid=21492, tid=24824
#
# JRE version: Java(TM) SE Runtime Environment (8.0_91-b15) (build 1.8.0_91-b15)
# Java VM: Java HotSpot(TM) 64-Bit Server VM (25.91-b15 mixed mode windows-amd64 compressed oops)
# Problematic frame:
# V  [jvm.dll+0x139f6a]
#
# Failed to write core dump. Minidumps are not enabled by default on client versions of Windows
#
# If you would like to submit a bug report, please visit:
#   http://bugreport.java.com/bugreport/crash.jsp
#

---------------  T H R E A D  ---------------

Current thread (0x000000001b651800):  JavaThread "AWT-EventQueue-0" [_thread_in_vm, id=24824, stack(0x000000001d1c0000,0x000000001d2c0000)]

siginfo: ExceptionCode=0xc0000005, reading address 0x0000000000000000

Registers:
RAX=0x0000000000000000, RBX=0x000000001b228cd0, RCX=0x0000000000000000, RDX=0x0000000000000000
RSP=0x000000001d2bc900, RBP=0x00000000176fcd00, RSI=0x00000000176fccf0, RDI=0x0000000002a792e0
R8 =0x0000000000000000, R9 =0x0000000000000000, R10=0x0000000000000000, R11=0x0000000000000000
R12=0x00000000176fd0d8, R13=0x000000001b651800, R14=0x00000000000003d8, R15=0x0000000000000000
RIP=0x0000000059659f6a, EFLAGS=0x0000000000010206

Top of Stack: (sp=0x000000001d2bc900)
0x000000001d2bc900:   00000001000b5520 0000000019961780
0x000000001d2bc910:   0000000002a7c7d0 000000001d2bcc10
0x000000001d2bc920:   0000000002a792e0 00000000595de07f
0x000000001d2bc930:   000000001b228cd0 000000001b651800
0x000000001d2bc940:   00000001000b5520 000000001b651800
0x000000001d2bc950:   000000001b651800 000000010000da48
0x000000001d2bc960:   0000000002a4fbd0 00000000595967fc
0x000000001d2bc970:   0000000000000000 0000000000000008
0x000000001d2bc980:   000000004705e9fc 00000000176fcd00
0x000000001d2bc990:   000000001b651800 00000000176fcd00
0x000000001d2bc9a0:   0000000000000000 0000000059596a41
0x000000001d2bc9b0:   000000001b228cd0 0000000000000008
0x000000001d2bc9c0:   000000004705e9fc 000000005960bc8b
0x000000001d2bc9d0:   000000004705e9fc 000000005960bc8b
0x000000001d2bc9e0:   0000fdf1c41e1fe9 000000001b651800
0x000000001d2bc9f0:   000000001d2bca80 000000005965a106 

Instructions: (pc=0x0000000059659f6a)
0x0000000059659f4a:   ff ca 88 41 ff 75 ef 43 c6 04 10 00 49 8b c2 c3
0x0000000059659f5a:   cc cc cc cc cc cc 48 89 5c 24 08 57 48 83 ec 20
0x0000000059659f6a:   0f b7 39 48 8b d9 33 d2 ff c7 48 63 cf e8 f4 1c
0x0000000059659f7a:   fb ff 4c 8b d8 85 ff 7e 45 44 0f b7 03 8d 57 ff 


Register to memory mapping:

RAX=0x0000000000000000 is an unknown value
RBX=0x000000001b228cd0 is an unknown value
RCX=0x0000000000000000 is an unknown value
RDX=0x0000000000000000 is an unknown value
RSP=0x000000001d2bc900 is pointing into the stack for thread: 0x000000001b651800
RBP=0x00000000176fcd00 is an unknown value
RSI=0x00000000176fccf0 is an unknown value
RDI=0x0000000002a792e0 is an unknown value
R8 =0x0000000000000000 is an unknown value
R9 =0x0000000000000000 is an unknown value
R10=0x0000000000000000 is an unknown value
R11=0x0000000000000000 is an unknown value
R12=0x00000000176fd0d8 is an unknown value
R13=0x000000001b651800 is a thread
R14=0x00000000000003d8 is an unknown value
R15=0x0000000000000000 is an unknown value


Stack: [0x000000001d1c0000,0x000000001d2c0000],  sp=0x000000001d2bc900,  free space=1010k
Native frames: (J=compiled Java code, j=interpreted, Vv=VM code, C=native code)
V  [jvm.dll+0x139f6a]
V  [jvm.dll+0xbe07f]
V  [jvm.dll+0xbfde2]
V  [jvm.dll+0xb8f10]
C  0x0000000002b61f3a

Java frames: (J=compiled Java code, j=interpreted, Vv=VM code)
j  gnu.chu.anjelica.ventas.conVenProd.Baceptar_actionPerformed(Ljava/awt/event/ActionEvent;)V+751
j  gnu.chu.anjelica.ventas.conVenProd$1.actionPerformed(Ljava/awt/event/ActionEvent;)V+5
j  javax.swing.AbstractButton.fireActionPerformed(Ljava/awt/event/ActionEvent;)V+83
j  javax.swing.AbstractButton$Handler.actionPerformed(Ljava/awt/event/ActionEvent;)V+5
j  javax.swing.DefaultButtonModel.fireActionPerformed(Ljava/awt/event/ActionEvent;)V+34
j  javax.swing.DefaultButtonModel.setPressed(Z)V+117
j  javax.swing.plaf.basic.BasicButtonListener.mouseReleased(Ljava/awt/event/MouseEvent;)V+35
j  java.awt.Component.processMouseEvent(Ljava/awt/event/MouseEvent;)V+64
j  javax.swing.JComponent.processMouseEvent(Ljava/awt/event/MouseEvent;)V+23
J 3321 C1 java.awt.Component.processEvent(Ljava/awt/AWTEvent;)V (220 bytes) @ 0x00000000031c3bbc [0x00000000031c3680+0x53c]
J 3320 C1 java.awt.Container.processEvent(Ljava/awt/AWTEvent;)V (22 bytes) @ 0x0000000002f256ec [0x0000000002f253a0+0x34c]
J 3319 C1 java.awt.Component.dispatchEventImpl(Ljava/awt/AWTEvent;)V (883 bytes) @ 0x00000000031ae88c [0x00000000031a9340+0x554c]
J 3306 C1 java.awt.Container.dispatchEventImpl(Ljava/awt/AWTEvent;)V (129 bytes) @ 0x0000000003198154 [0x0000000003198020+0x134]
J 3322 C1 java.awt.LightweightDispatcher.retargetMouseEvent(Ljava/awt/Component;ILjava/awt/event/MouseEvent;)V (350 bytes) @ 0x0000000003536fac [0x0000000003534a40+0x256c]
J 3309 C1 java.awt.LightweightDispatcher.processMouseEvent(Ljava/awt/event/MouseEvent;)Z (286 bytes) @ 0x0000000002d49094 [0x0000000002d47940+0x1754]
J 3297 C1 java.awt.LightweightDispatcher.dispatchEvent(Ljava/awt/AWTEvent;)Z (73 bytes) @ 0x0000000002c99bb4 [0x0000000002c99780+0x434]
J 3306 C1 java.awt.Container.dispatchEventImpl(Ljava/awt/AWTEvent;)V (129 bytes) @ 0x00000000031980f4 [0x0000000003198020+0xd4]
J 3324 C1 java.awt.Window.dispatchEventImpl(Ljava/awt/AWTEvent;)V (23 bytes) @ 0x00000000031a85ac [0x00000000031a7fc0+0x5ec]
J 3305 C1 java.awt.EventQueue.dispatchEventImpl(Ljava/awt/AWTEvent;Ljava/lang/Object;)V (149 bytes) @ 0x0000000003306474 [0x0000000003304c00+0x1874]
J 3316 C1 java.awt.EventQueue$3.run()Ljava/lang/Void; (60 bytes) @ 0x000000000319fa9c [0x000000000319f880+0x21c]
J 3315 C1 java.awt.EventQueue$3.run()Ljava/lang/Object; (5 bytes) @ 0x0000000002c79d84 [0x0000000002c79d00+0x84]
v  ~StubRoutines::call_stub
J 1479  java.security.AccessController.doPrivileged(Ljava/security/PrivilegedAction;Ljava/security/AccessControlContext;)Ljava/lang/Object; (0 bytes) @ 0x00000000030365e6 [0x0000000003036580+0x66]
J 3308 C1 java.awt.EventQueue$4.run()Ljava/lang/Object; (5 bytes) @ 0x000000000319dbc4 [0x000000000319d7c0+0x404]
v  ~StubRoutines::call_stub
J 1479  java.security.AccessController.doPrivileged(Ljava/security/PrivilegedAction;Ljava/security/AccessControlContext;)Ljava/lang/Object; (0 bytes) @ 0x00000000030365e6 [0x0000000003036580+0x66]
J 3313 C1 java.awt.EventQueue.dispatchEvent(Ljava/awt/AWTEvent;)V (80 bytes) @ 0x0000000002f1887c [0x0000000002f17a00+0xe7c]
J 3302 C1 java.awt.EventDispatchThread.pumpOneEventForFilters(I)V (295 bytes) @ 0x00000000033094a4 [0x0000000003307900+0x1ba4]
j  java.awt.EventDispatchThread.pumpEventsForFilter(ILjava/awt/Conditional;Ljava/awt/EventFilter;)V+35
j  java.awt.EventDispatchThread.pumpEventsForHierarchy(ILjava/awt/Conditional;Ljava/awt/Component;)V+11
j  java.awt.EventDispatchThread.pumpEvents(ILjava/awt/Conditional;)V+4
j  java.awt.EventDispatchThread.pumpEvents(Ljava/awt/Conditional;)V+3
j  java.awt.EventDispatchThread.run()V+9
v  ~StubRoutines::call_stub

---------------  P R O C E S S  ---------------

Java Threads: ( => current thread )
  0x000000001b2b6000 JavaThread "TimerQueue" daemon [_thread_blocked, id=20292, stack(0x000000001d2c0000,0x000000001d3c0000)]
  0x0000000002a33000 JavaThread "DestroyJavaVM" [_thread_blocked, id=10816, stack(0x0000000002930000,0x0000000002a30000)]
=>0x000000001b651800 JavaThread "AWT-EventQueue-0" [_thread_in_vm, id=24824, stack(0x000000001d1c0000,0x000000001d2c0000)]
  0x000000001b5ff000 JavaThread "AWT-Shutdown" [_thread_blocked, id=4964, stack(0x000000001d0c0000,0x000000001d1c0000)]
  0x0000000019fb1800 JavaThread "org.netbeans.modules.debugger.jpda.visual AWT Access Loop" daemon [_thread_blocked, id=4616, stack(0x000000001c180000,0x000000001c280000)]
  0x0000000019bc2800 JavaThread "AWT-Windows" daemon [_thread_in_native, id=10576, stack(0x000000001a680000,0x000000001a780000)]
  0x0000000019bf7000 JavaThread "Java2D Disposer" daemon [_thread_blocked, id=21108, stack(0x000000001a480000,0x000000001a580000)]
  0x000000001933f000 JavaThread "Service Thread" daemon [_thread_blocked, id=25580, stack(0x0000000019710000,0x0000000019810000)]
  0x00000000176cb800 JavaThread "C1 CompilerThread2" daemon [_thread_blocked, id=4424, stack(0x0000000019210000,0x0000000019310000)]
  0x00000000176ca000 JavaThread "C2 CompilerThread1" daemon [_thread_blocked, id=3904, stack(0x0000000019110000,0x0000000019210000)]
  0x00000000176c5800 JavaThread "C2 CompilerThread0" daemon [_thread_blocked, id=24756, stack(0x0000000019010000,0x0000000019110000)]
  0x00000000176b9800 JavaThread "JDWP Command Reader" daemon [_thread_in_native, id=11768, stack(0x0000000018f10000,0x0000000019010000)]
  0x00000000176b6800 JavaThread "JDWP Event Helper Thread" daemon [_thread_blocked, id=19444, stack(0x0000000018e10000,0x0000000018f10000)]
  0x00000000176ab000 JavaThread "JDWP Transport Listener: dt_shmem" daemon [_thread_blocked, id=22172, stack(0x0000000018d10000,0x0000000018e10000)]
  0x000000001769e800 JavaThread "Attach Listener" daemon [_thread_blocked, id=13768, stack(0x0000000018c10000,0x0000000018d10000)]
  0x000000001769d800 JavaThread "Signal Dispatcher" daemon [_thread_blocked, id=24772, stack(0x0000000018b10000,0x0000000018c10000)]
  0x0000000002b2d800 JavaThread "Finalizer" daemon [_thread_blocked, id=23956, stack(0x0000000018910000,0x0000000018a10000)]
  0x0000000002b23000 JavaThread "Reference Handler" daemon [_thread_blocked, id=16364, stack(0x0000000018810000,0x0000000018910000)]

Other Threads:
  0x0000000017668000 VMThread [stack: 0x0000000018710000,0x0000000018810000] [id=6360]
  0x000000001936d800 WatcherThread [stack: 0x0000000019810000,0x0000000019910000] [id=14220]

VM state:not at safepoint (normal execution)

VM Mutex/Monitor currently owned by a thread: None

Heap:
 PSYoungGen      total 65536K, used 23567K [0x00000000d5c00000, 0x00000000da480000, 0x0000000100000000)
  eden space 60928K, 31% used [0x00000000d5c00000,0x00000000d6e91c10,0x00000000d9780000)
  from space 4608K, 98% used [0x00000000d9d00000,0x00000000da172080,0x00000000da180000)
  to   space 3072K, 0% used [0x00000000da180000,0x00000000da180000,0x00000000da480000)
 ParOldGen       total 59392K, used 8292K [0x0000000081400000, 0x0000000084e00000, 0x00000000d5c00000)
  object space 59392K, 13% used [0x0000000081400000,0x0000000081c192b8,0x0000000084e00000)
 Metaspace       used 30068K, capacity 30436K, committed 30720K, reserved 1075200K
  class space    used 4135K, capacity 4232K, committed 4352K, reserved 1048576K

Card table byte_map: [0x0000000011ef0000,0x00000000122f0000] byte_map_base: 0x0000000011ae6000

Marking Bits: (ParMarkBitMap*) 0x0000000059d32f70
 Begin Bits: [0x00000000129a0000, 0x0000000014950000)
 End Bits:   [0x0000000014950000, 0x0000000016900000)

Polling page: 0x00000000010e0000

CodeCache: size=245760Kb used=12193Kb max_used=12193Kb free=233566Kb
 bounds [0x0000000002b30000, 0x0000000003730000, 0x0000000011b30000]
 total_blobs=3919 nmethods=3333 adapters=504
 compilation: enabled

Compilation events (10 events):
Event: 193.787 Thread 0x00000000176ca000 3769       4       javax.swing.JLabel::setDisplayedMnemonicIndex (102 bytes)
Event: 193.787 Thread 0x00000000176ca000 nmethod 3769 0x0000000003715990 code [0x0000000003715ae0, 0x0000000003715bb8]
Event: 193.802 Thread 0x00000000176cb800 3770       3       javax.swing.plaf.basic.BasicTableUI::paint (258 bytes)
Event: 193.805 Thread 0x00000000176cb800 nmethod 3770 0x0000000003723410 code [0x00000000037237e0, 0x00000000037266d8]
Event: 193.805 Thread 0x00000000176cb800 3771       3       javax.swing.plaf.basic.BasicTableUI::paintDropLines (243 bytes)
Event: 193.806 Thread 0x00000000176cb800 nmethod 3771 0x0000000003721010 code [0x0000000003721320, 0x0000000003722a38]
Event: 194.252 Thread 0x00000000176cb800 3772       3       sun.util.locale.LocaleObjectCache::get (126 bytes)
Event: 194.256 Thread 0x00000000176cb800 nmethod 3772 0x00000000037281d0 code [0x0000000003728460, 0x00000000037299e8]
Event: 194.256 Thread 0x00000000176cb800 3773       3       sun.util.locale.LocaleObjectCache::cleanStaleEntries (33 bytes)
Event: 194.257 Thread 0x00000000176cb800 nmethod 3773 0x0000000003717ad0 code [0x0000000003717c80, 0x0000000003718378]

GC Heap History (10 events):
Event: 1.817 GC heap before
{Heap before GC invocations=2 (full 0):
 PSYoungGen      total 38400K, used 37985K [0x00000000d5c00000, 0x00000000d8680000, 0x0000000100000000)
  eden space 33280K, 100% used [0x00000000d5c00000,0x00000000d7c80000,0x00000000d7c80000)
  from space 5120K, 91% used [0x00000000d7c80000,0x00000000d81184e0,0x00000000d8180000)
  to   space 5120K, 0% used [0x00000000d8180000,0x00000000d8180000,0x00000000d8680000)
 ParOldGen       total 87552K, used 8K [0x0000000081400000, 0x0000000086980000, 0x00000000d5c00000)
  object space 87552K, 0% used [0x0000000081400000,0x0000000081402000,0x0000000086980000)
 Metaspace       used 19240K, capacity 19428K, committed 19712K, reserved 1067008K
  class space    used 2651K, capacity 2732K, committed 2816K, reserved 1048576K
Event: 1.827 GC heap after
Heap after GC invocations=2 (full 0):
 PSYoungGen      total 38400K, used 5106K [0x00000000d5c00000, 0x00000000da700000, 0x0000000100000000)
  eden space 33280K, 0% used [0x00000000d5c00000,0x00000000d5c00000,0x00000000d7c80000)
  from space 5120K, 99% used [0x00000000d8180000,0x00000000d867cb18,0x00000000d8680000)
  to   space 5120K, 0% used [0x00000000d7c80000,0x00000000d7c80000,0x00000000d8180000)
 ParOldGen       total 87552K, used 1572K [0x0000000081400000, 0x0000000086980000, 0x00000000d5c00000)
  object space 87552K, 1% used [0x0000000081400000,0x00000000815891f0,0x0000000086980000)
 Metaspace       used 19240K, capacity 19428K, committed 19712K, reserved 1067008K
  class space    used 2651K, capacity 2732K, committed 2816K, reserved 1048576K
}
Event: 2.238 GC heap before
{Heap before GC invocations=3 (full 0):
 PSYoungGen      total 38400K, used 19987K [0x00000000d5c00000, 0x00000000da700000, 0x0000000100000000)
  eden space 33280K, 44% used [0x00000000d5c00000,0x00000000d6a88208,0x00000000d7c80000)
  from space 5120K, 99% used [0x00000000d8180000,0x00000000d867cb18,0x00000000d8680000)
  to   space 5120K, 0% used [0x00000000d7c80000,0x00000000d7c80000,0x00000000d8180000)
 ParOldGen       total 87552K, used 1572K [0x0000000081400000, 0x0000000086980000, 0x00000000d5c00000)
  object space 87552K, 1% used [0x0000000081400000,0x00000000815891f0,0x0000000086980000)
 Metaspace       used 20889K, capacity 21058K, committed 21296K, reserved 1067008K
  class space    used 2857K, capacity 2929K, committed 2944K, reserved 1048576K
Event: 2.244 GC heap after
Heap after GC invocations=3 (full 0):
 PSYoungGen      total 38400K, used 4918K [0x00000000d5c00000, 0x00000000da700000, 0x0000000100000000)
  eden space 33280K, 0% used [0x00000000d5c00000,0x00000000d5c00000,0x00000000d7c80000)
  from space 5120K, 96% used [0x00000000d7c80000,0x00000000d814dbe8,0x00000000d8180000)
  to   space 5120K, 0% used [0x00000000da200000,0x00000000da200000,0x00000000da700000)
 ParOldGen       total 87552K, used 1580K [0x0000000081400000, 0x0000000086980000, 0x00000000d5c00000)
  object space 87552K, 1% used [0x0000000081400000,0x000000008158b1f0,0x0000000086980000)
 Metaspace       used 20889K, capacity 21058K, committed 21296K, reserved 1067008K
  class space    used 2857K, capacity 2929K, committed 2944K, reserved 1048576K
}
Event: 2.244 GC heap before
{Heap before GC invocations=4 (full 1):
 PSYoungGen      total 38400K, used 4918K [0x00000000d5c00000, 0x00000000da700000, 0x0000000100000000)
  eden space 33280K, 0% used [0x00000000d5c00000,0x00000000d5c00000,0x00000000d7c80000)
  from space 5120K, 96% used [0x00000000d7c80000,0x00000000d814dbe8,0x00000000d8180000)
  to   space 5120K, 0% used [0x00000000da200000,0x00000000da200000,0x00000000da700000)
 ParOldGen       total 87552K, used 1580K [0x0000000081400000, 0x0000000086980000, 0x00000000d5c00000)
  object space 87552K, 1% used [0x0000000081400000,0x000000008158b1f0,0x0000000086980000)
 Metaspace       used 20889K, capacity 21058K, committed 21296K, reserved 1067008K
  class space    used 2857K, capacity 2929K, committed 2944K, reserved 1048576K
Event: 2.278 GC heap after
Heap after GC invocations=4 (full 1):
 PSYoungGen      total 38400K, used 0K [0x00000000d5c00000, 0x00000000da700000, 0x0000000100000000)
  eden space 33280K, 0% used [0x00000000d5c00000,0x00000000d5c00000,0x00000000d7c80000)
  from space 5120K, 0% used [0x00000000d7c80000,0x00000000d7c80000,0x00000000d8180000)
  to   space 5120K, 0% used [0x00000000da200000,0x00000000da200000,0x00000000da700000)
 ParOldGen       total 59392K, used 4868K [0x0000000081400000, 0x0000000084e00000, 0x00000000d5c00000)
  object space 59392K, 8% used [0x0000000081400000,0x00000000818c11f8,0x0000000084e00000)
 Metaspace       used 20889K, capacity 21058K, committed 21296K, reserved 1067008K
  class space    used 2857K, capacity 2929K, committed 2944K, reserved 1048576K
}
Event: 6.700 GC heap before
{Heap before GC invocations=5 (full 1):
 PSYoungGen      total 38400K, used 33280K [0x00000000d5c00000, 0x00000000da700000, 0x0000000100000000)
  eden space 33280K, 100% used [0x00000000d5c00000,0x00000000d7c80000,0x00000000d7c80000)
  from space 5120K, 0% used [0x00000000d7c80000,0x00000000d7c80000,0x00000000d8180000)
  to   space 5120K, 0% used [0x00000000da200000,0x00000000da200000,0x00000000da700000)
 ParOldGen       total 59392K, used 4868K [0x0000000081400000, 0x0000000084e00000, 0x00000000d5c00000)
  object space 59392K, 8% used [0x0000000081400000,0x00000000818c11f8,0x0000000084e00000)
 Metaspace       used 29081K, capacity 29470K, committed 29824K, reserved 1075200K
  class space    used 4071K, capacity 4167K, committed 4224K, reserved 1048576K
Event: 6.707 GC heap after
Heap after GC invocations=5 (full 1):
 PSYoungGen      total 51200K, used 4912K [0x00000000d5c00000, 0x00000000da700000, 0x0000000100000000)
  eden space 46080K, 0% used [0x00000000d5c00000,0x00000000d5c00000,0x00000000d8900000)
  from space 5120K, 95% used [0x00000000da200000,0x00000000da6cc0c0,0x00000000da700000)
  to   space 5120K, 0% used [0x00000000d9d00000,0x00000000d9d00000,0x00000000da200000)
 ParOldGen       total 59392K, used 4876K [0x0000000081400000, 0x0000000084e00000, 0x00000000d5c00000)
  object space 59392K, 8% used [0x0000000081400000,0x00000000818c31f8,0x0000000084e00000)
 Metaspace       used 29081K, capacity 29470K, committed 29824K, reserved 1075200K
  class space    used 4071K, capacity 4167K, committed 4224K, reserved 1048576K
}
Event: 55.521 GC heap before
{Heap before GC invocations=6 (full 1):
 PSYoungGen      total 51200K, used 50992K [0x00000000d5c00000, 0x00000000da700000, 0x0000000100000000)
  eden space 46080K, 100% used [0x00000000d5c00000,0x00000000d8900000,0x00000000d8900000)
  from space 5120K, 95% used [0x00000000da200000,0x00000000da6cc0c0,0x00000000da700000)
  to   space 5120K, 0% used [0x00000000d9d00000,0x00000000d9d00000,0x00000000da200000)
 ParOldGen       total 59392K, used 4876K [0x0000000081400000, 0x0000000084e00000, 0x00000000d5c00000)
  object space 59392K, 8% used [0x0000000081400000,0x00000000818c31f8,0x0000000084e00000)
 Metaspace       used 29841K, capacity 30174K, committed 30464K, reserved 1075200K
  class space    used 4120K, capacity 4231K, committed 4352K, reserved 1048576K
Event: 55.531 GC heap after
Heap after GC invocations=6 (full 1):
 PSYoungGen      total 65536K, used 4552K [0x00000000d5c00000, 0x00000000da480000, 0x0000000100000000)
  eden space 60928K, 0% used [0x00000000d5c00000,0x00000000d5c00000,0x00000000d9780000)
  from space 4608K, 98% used [0x00000000d9d00000,0x00000000da172080,0x00000000da180000)
  to   space 3072K, 0% used [0x00000000da180000,0x00000000da180000,0x00000000da480000)
 ParOldGen       total 59392K, used 8292K [0x0000000081400000, 0x0000000084e00000, 0x00000000d5c00000)
  object space 59392K, 13% used [0x0000000081400000,0x0000000081c192b8,0x0000000084e00000)
 Metaspace       used 29841K, capacity 30174K, committed 30464K, reserved 1075200K
  class space    used 4120K, capacity 4231K, committed 4352K, reserved 1048576K
}

Deoptimization events (10 events):
Event: 60.298 Thread 0x000000001b651800 Uncommon trap: reason=class_check action=maybe_recompile pc=0x0000000003137e0c method=sun.awt.SunToolkit.getContainingWindow(Ljava/awt/Component;)Ljava/awt/Window; @ 20
Event: 60.298 Thread 0x000000001b651800 Uncommon trap: reason=class_check action=maybe_recompile pc=0x0000000003137e0c method=sun.awt.SunToolkit.getContainingWindow(Ljava/awt/Component;)Ljava/awt/Window; @ 20
Event: 61.301 Thread 0x000000001b651800 Uncommon trap: reason=unstable_if action=reinterpret pc=0x0000000002d579c8 method=java.awt.KeyboardFocusManager.clearMostRecentFocusOwner(Ljava/awt/Component;)V @ 18
Event: 61.318 Thread 0x000000001b651800 Uncommon trap: reason=unstable_if action=reinterpret pc=0x000000000366f28c method=java.awt.EventQueue.cacheEQItem(Lsun/awt/EventQueueItem;)V @ 23
Event: 61.331 Thread 0x000000001b651800 Uncommon trap: reason=unstable_if action=reinterpret pc=0x000000000364bcb4 method=java.awt.EventQueue.uncacheEQItem(Lsun/awt/EventQueueItem;)V @ 23
Event: 186.855 Thread 0x000000001b651800 Uncommon trap: reason=class_check action=maybe_recompile pc=0x0000000003333254 method=javax.swing.JComponent.adjustPaintFlags()V @ 85
Event: 190.163 Thread 0x000000001b651800 Uncommon trap: reason=unstable_if action=reinterpret pc=0x00000000030fcd6c method=java.lang.Class.reflectionData()Ljava/lang/Class$ReflectionData; @ 37
Event: 190.267 Thread 0x000000001b651800 Uncommon trap: reason=unstable_if action=reinterpret pc=0x00000000033bbd78 method=java.awt.Component.getHWPeerAboveMe()Ljava/awt/peer/ComponentPeer; @ 42
Event: 193.014 Thread 0x000000001b651800 Uncommon trap: reason=unstable_if action=reinterpret pc=0x00000000033a0b1c method=javax.swing.JComponent.paintComponent(Ljava/awt/Graphics;)V @ 4
Event: 193.565 Thread 0x000000001b651800 Uncommon trap: reason=unstable_if action=reinterpret pc=0x00000000034c9d38 method=sun.swing.SwingUtilities2.drawString(Ljavax/swing/JComponent;Ljava/awt/Graphics;Ljava/lang/String;II)V @ 8

Internal exceptions (10 events):
Event: 2.230 Thread 0x0000000002a33000 Exception <a 'java/lang/ArrayIndexOutOfBoundsException': 38> (0x00000000d69822b0) thrown at [C:\re\workspace\8-2-build-windows-amd64-cygwin\jdk8u91\7017\hotspot\src\share\vm\interpreter\interpreterRuntime.cpp, line 366]
Event: 2.230 Thread 0x0000000002a33000 Exception <a 'java/lang/ArrayIndexOutOfBoundsException': 67> (0x00000000d6983518) thrown at [C:\re\workspace\8-2-build-windows-amd64-cygwin\jdk8u91\7017\hotspot\src\share\vm\interpreter\interpreterRuntime.cpp, line 366]
Event: 2.230 Thread 0x0000000002a33000 Exception <a 'java/lang/ArrayIndexOutOfBoundsException': 55> (0x00000000d6984f60) thrown at [C:\re\workspace\8-2-build-windows-amd64-cygwin\jdk8u91\7017\hotspot\src\share\vm\interpreter\interpreterRuntime.cpp, line 366]
Event: 2.236 Thread 0x0000000002a33000 Exception <a 'java/lang/ArrayIndexOutOfBoundsException': 38> (0x00000000d69aac48) thrown at [C:\re\workspace\8-2-build-windows-amd64-cygwin\jdk8u91\7017\hotspot\src\share\vm\interpreter\interpreterRuntime.cpp, line 366]
Event: 2.283 Thread 0x0000000002a33000 Exception <a 'java/lang/ArrayIndexOutOfBoundsException': 49> (0x00000000d5c08ec8) thrown at [C:\re\workspace\8-2-build-windows-amd64-cygwin\jdk8u91\7017\hotspot\src\share\vm\interpreter\interpreterRuntime.cpp, line 366]
Event: 2.598 Thread 0x000000001b651800 Implicit null exception at 0x0000000002d847ab to 0x0000000002d854dd
Event: 28.393 Thread 0x000000001b651800 Implicit null exception at 0x00000000033ef890 to 0x00000000033effed
Event: 37.094 Thread 0x000000001b651800 Implicit null exception at 0x0000000002f1d568 to 0x0000000002f1db51
Event: 37.159 Thread 0x000000001b651800 Implicit null exception at 0x00000000034f40b2 to 0x00000000034f5285
Event: 190.267 Thread 0x000000001b651800 Implicit null exception at 0x00000000033baec3 to 0x00000000033bbd3d

Events (10 events):
Event: 193.378 loading class javax/swing/TransferHandler$DropLocation
Event: 193.378 loading class javax/swing/TransferHandler$DropLocation done
Event: 193.378 loading class javax/swing/JTable$DropLocation done
Event: 193.379 loading class javax/swing/plaf/basic/BasicTableUI$Actions
Event: 193.380 loading class javax/swing/plaf/basic/BasicTableUI$Actions done
Event: 193.565 Thread 0x000000001b651800 Uncommon trap: trap_request=0xffffff65 fr.pc=0x00000000034c9d38
Event: 193.565 Thread 0x000000001b651800 DEOPT PACKING pc=0x00000000034c9d38 sp=0x000000001d2bc1f0
Event: 193.565 Thread 0x000000001b651800 DEOPT UNPACKING pc=0x0000000002b7582a sp=0x000000001d2bc2a8 mode 2
Event: 193.718 Thread 0x000000001b651800 DEOPT PACKING pc=0x000000000350379e sp=0x000000001d2bb490
Event: 193.718 Thread 0x000000001b651800 DEOPT UNPACKING pc=0x0000000002b7787f sp=0x000000001d2bb1f8 mode 0


Dynamic libraries:
0x00007ff67d490000 - 0x00007ff67d4c7000 	C:\Program Files\Java\jdk1.8.0_91\bin\java.exe
0x00007ffcae580000 - 0x00007ffcae741000 	C:\WINDOWS\SYSTEM32\ntdll.dll
0x00007ffcab980000 - 0x00007ffcaba2d000 	C:\WINDOWS\system32\KERNEL32.DLL
0x00007ffcab5e0000 - 0x00007ffcab7c8000 	C:\WINDOWS\system32\KERNELBASE.dll
0x00007ffcac7c0000 - 0x00007ffcac867000 	C:\WINDOWS\system32\ADVAPI32.dll
0x00007ffcac720000 - 0x00007ffcac7bd000 	C:\WINDOWS\system32\msvcrt.dll
0x00007ffcabba0000 - 0x00007ffcabbfb000 	C:\WINDOWS\system32\sechost.dll
0x00007ffcabf60000 - 0x00007ffcac07c000 	C:\WINDOWS\system32\RPCRT4.dll
0x00007ffcac980000 - 0x00007ffcacad6000 	C:\WINDOWS\system32\USER32.dll
0x00007ffcac590000 - 0x00007ffcac716000 	C:\WINDOWS\system32\GDI32.dll
0x00007ffca0ae0000 - 0x00007ffca0d54000 	C:\WINDOWS\WinSxS\amd64_microsoft.windows.common-controls_6595b64144ccf1df_6.0.10586.494_none_a2d8b04ea53e3145\COMCTL32.dll
0x00007ffcabce0000 - 0x00007ffcabf5d000 	C:\WINDOWS\system32\combase.dll
0x00007ffcab880000 - 0x00007ffcab8ea000 	C:\WINDOWS\system32\bcryptPrimitives.dll
0x00007ffcae540000 - 0x00007ffcae57b000 	C:\WINDOWS\system32\IMM32.DLL
0x0000000059440000 - 0x0000000059512000 	C:\Program Files\Java\jdk1.8.0_91\jre\bin\msvcr100.dll
0x0000000059520000 - 0x0000000059db3000 	C:\Program Files\Java\jdk1.8.0_91\jre\bin\server\jvm.dll
0x00007ffcaba40000 - 0x00007ffcaba48000 	C:\WINDOWS\system32\PSAPI.DLL
0x00007ffc9de40000 - 0x00007ffc9de49000 	C:\WINDOWS\SYSTEM32\WSOCK32.dll
0x00007ffcac520000 - 0x00007ffcac58b000 	C:\WINDOWS\system32\WS2_32.dll
0x00007ffca9250000 - 0x00007ffca9273000 	C:\WINDOWS\SYSTEM32\WINMM.dll
0x00007ffca1880000 - 0x00007ffca188a000 	C:\WINDOWS\SYSTEM32\VERSION.dll
0x00007ffca9220000 - 0x00007ffca924c000 	C:\WINDOWS\SYSTEM32\WINMMBASE.dll
0x00007ffcab7d0000 - 0x00007ffcab813000 	C:\WINDOWS\system32\cfgmgr32.dll
0x000000005be80000 - 0x000000005be8f000 	C:\Program Files\Java\jdk1.8.0_91\jre\bin\verify.dll
0x000000005bc80000 - 0x000000005bca9000 	C:\Program Files\Java\jdk1.8.0_91\jre\bin\java.dll
0x000000005a560000 - 0x000000005a595000 	C:\Program Files\Java\jdk1.8.0_91\jre\bin\jdwp.dll
0x000000005a610000 - 0x000000005a618000 	C:\Program Files\Java\jdk1.8.0_91\jre\bin\npt.dll
0x000000005ba30000 - 0x000000005ba46000 	C:\Program Files\Java\jdk1.8.0_91\jre\bin\zip.dll
0x00007ffcace80000 - 0x00007ffcae3dc000 	C:\WINDOWS\system32\SHELL32.dll
0x00007ffcaaf90000 - 0x00007ffcab5d5000 	C:\WINDOWS\system32\windows.storage.dll
0x00007ffcace00000 - 0x00007ffcace52000 	C:\WINDOWS\system32\shlwapi.dll
0x00007ffcaac10000 - 0x00007ffcaac1f000 	C:\WINDOWS\system32\kernel.appcore.dll
0x00007ffcaae20000 - 0x00007ffcaaed5000 	C:\WINDOWS\system32\shcore.dll
0x00007ffcaabc0000 - 0x00007ffcaac0b000 	C:\WINDOWS\system32\powrprof.dll
0x00007ffcaaba0000 - 0x00007ffcaabb4000 	C:\WINDOWS\system32\profapi.dll
0x000000005bc70000 - 0x000000005bc7b000 	C:\Program Files\Java\jdk1.8.0_91\jre\bin\dt_shmem.dll
0x00000000592a0000 - 0x0000000059438000 	C:\Program Files\Java\jdk1.8.0_91\jre\bin\awt.dll
0x00007ffcabc10000 - 0x00007ffcabcd1000 	C:\WINDOWS\system32\OLEAUT32.dll
0x00007ffca9350000 - 0x00007ffca93c9000 	C:\WINDOWS\system32\apphelp.dll
0x00007ffca8500000 - 0x00007ffca8522000 	C:\WINDOWS\system32\DWMAPI.DLL
0x00007ffca9470000 - 0x00007ffca9506000 	C:\WINDOWS\system32\uxtheme.dll
0x00007ffcae3e0000 - 0x00007ffcae53a000 	C:\WINDOWS\system32\MSCTF.dll
0x00007ffcaba50000 - 0x00007ffcabb93000 	C:\WINDOWS\system32\ole32.dll
0x00007ffc87fd0000 - 0x00007ffc881fd000 	C:\Program Files\Acer\Acer Power Management\SysHook.dll
0x00007ffcac870000 - 0x00007ffcac97b000 	C:\WINDOWS\system32\COMDLG32.dll
0x00007ffc7da90000 - 0x00007ffc7da97000 	C:\WINDOWS\SYSTEM32\MSIMG32.dll
0x00007ffcab8f0000 - 0x00007ffcab976000 	C:\WINDOWS\system32\FirewallAPI.dll
0x00007ffcaae00000 - 0x00007ffcaae17000 	C:\WINDOWS\system32\NETAPI32.dll
0x00007ffc9bad0000 - 0x00007ffc9bb54000 	C:\WINDOWS\SYSTEM32\WINSPOOL.DRV
0x00007ffc95d40000 - 0x00007ffc95daa000 	C:\WINDOWS\SYSTEM32\OLEACC.dll
0x00007ffc9abf0000 - 0x00007ffc9abfc000 	C:\WINDOWS\SYSTEM32\DAVHLPR.DLL
0x00007ffc87260000 - 0x00007ffc87408000 	C:\WINDOWS\WinSxS\amd64_microsoft.windows.gdiplus_6595b64144ccf1df_1.1.10586.545_none_d3c4a617ffcfbffc\gdiplus.dll
0x00007ffcaa7a0000 - 0x00007ffcaa7c9000 	C:\WINDOWS\SYSTEM32\bcrypt.dll
0x00007ffca9920000 - 0x00007ffca9952000 	C:\WINDOWS\system32\fwbase.dll
0x000000005a750000 - 0x000000005a774000 	C:\Program Files\Java\jdk1.8.0_91\jre\bin\sunec.dll
0x000000005b720000 - 0x000000005b73a000 	C:\Program Files\Java\jdk1.8.0_91\jre\bin\net.dll
0x00007ffcaa4d0000 - 0x00007ffcaa52c000 	C:\WINDOWS\system32\mswsock.dll
0x00007ffc9e180000 - 0x00007ffc9e196000 	C:\WINDOWS\system32\napinsp.dll
0x00007ffc9e160000 - 0x00007ffc9e17a000 	C:\WINDOWS\system32\pnrpnsp.dll
0x00007ffca9080000 - 0x00007ffca9098000 	C:\WINDOWS\system32\NLAapi.dll
0x00007ffca9610000 - 0x00007ffca96ba000 	C:\WINDOWS\SYSTEM32\DNSAPI.dll
0x00007ffcabc00000 - 0x00007ffcabc08000 	C:\WINDOWS\system32\NSI.dll
0x00007ffc9e150000 - 0x00007ffc9e15d000 	C:\WINDOWS\System32\winrnr.dll
0x00007ffc9e130000 - 0x00007ffc9e145000 	C:\WINDOWS\System32\wshbth.dll
0x00007ffca06c0000 - 0x00007ffca06ca000 	C:\Windows\System32\rasadhlp.dll
0x00007ffca7850000 - 0x00007ffca7888000 	C:\WINDOWS\SYSTEM32\IPHLPAPI.DLL
0x00007ffca3960000 - 0x00007ffca39c7000 	C:\WINDOWS\System32\fwpuclnt.dll
0x000000005be70000 - 0x000000005be7d000 	C:\Program Files\Java\jdk1.8.0_91\jre\bin\management.dll
0x000000005b700000 - 0x000000005b711000 	C:\Program Files\Java\jdk1.8.0_91\jre\bin\nio.dll
0x000000005a7d0000 - 0x000000005a817000 	C:\Program Files\Java\jdk1.8.0_91\jre\bin\fontmanager.dll
0x000000005a780000 - 0x000000005a7c2000 	C:\Program Files\Java\jdk1.8.0_91\jre\bin\t2k.dll
0x00007ffcacba0000 - 0x00007ffcacc47000 	C:\WINDOWS\system32\clbcatq.dll
0x00007ffca7d20000 - 0x00007ffca7ed1000 	C:\WINDOWS\SYSTEM32\WindowsCodecs.dll
0x00007ffc9c370000 - 0x00007ffc9c3ba000 	C:\WINDOWS\system32\dataexchange.dll
0x00007ffca8230000 - 0x00007ffca84d8000 	C:\WINDOWS\system32\d3d11.dll
0x00007ffca8e00000 - 0x00007ffca8ee3000 	C:\WINDOWS\system32\dcomp.dll
0x00007ffca8150000 - 0x00007ffca81f2000 	C:\WINDOWS\system32\dxgi.dll
0x00007ffca96c0000 - 0x00007ffca97c0000 	C:\WINDOWS\system32\twinapi.appcore.dll
0x00007ffc86780000 - 0x00007ffc8690c000 	C:\WINDOWS\SYSTEM32\dbghelp.dll

VM Arguments:
jvm_args: -Xdebug -Xrunjdwp:transport=dt_shmem,address=javadebug -Dfile.encoding=UTF-8 -Ddb=post -Dempresa=icon_anjelica -Dautocommit=false -Draiz=gnu.chu.anjelica 
java_command: gnu.chu.anjelica.menu
java_class_path (initial): C:\Users\cpuente\Documents\anjelica\lib\gnu-hylafax-core-1.0.2.jar;C:\Users\cpuente\Documents\anjelica\lib\gnu-hylafax-inet-ftp-1.0.2.jar;C:\Users\cpuente\Documents\anjelica\lib\gnu-hylafax-pool-1.0.2.jar;C:\Users\cpuente\Documents\anjelica\lib\gnu-hylafax-utils-1.0.2.jar;C:\Users\cpuente\Documents\anjelica\lib\jcalendar-1.4.jar;C:\Users\cpuente\Documents\anjelica\lib\jfreechart-1.0.13.jar;C:\Users\cpuente\Documents\anjelica\lib\jcommon-1.0.15.jar;C:\Users\cpuente\Documents\anjelica\lib\jgoodies-common-1.6.0.jar;C:\Users\cpuente\Documents\anjelica\lib\jgoodies-looks-2.5.3.jar;C:\Users\cpuente\Documents\anjelica\lib\iText-2.1.7.js2.jar;C:\Users\cpuente\Documents\anjelica\lib\jasperreports-6.1.0.jar;C:\Users\cpuente\Documents\anjelica\lib\jasperreports-fonts-6.1.0.jar;C:\Users\cpuente\Documents\anjelica\lib\jasperreports-javaflow-6.1.0.jar;C:\Users\cpuente\Documents\anjelica\lib\barbecue-1.5-beta1.jar;C:\Users\cpuente\Documents\anjelica\lib\junit-4.6.jar;C:\Users\cpuente\Documents\anjelica\lib\jxl-2.6.10.jar;C:\Users\cpuente\Documents\anjelica\lib\png-encoder-1.5.jar;C:\Users\cpuente\Documents\anjelica\lib\poi-3.10.1.jar;C:\Users\cpuente\Documents\anjelica\lib\poi-ooxml-3.10.1.jar;C:\Users\cpuente\Documents\anjelica\lib\poi-ooxml-schemas-3.10.1.jar;C:\Users\cpuente\Documents\anjelica\lib\servlet-api-2.4.jar;C:\Users\cpuente\Documents\anjelica\lib\spring-beans-2.5.5.jar;C:\Users\cpuente\Documents\anjelica\lib\spring-core-2.5.5.jar;C:\Users\cpuente\Documents\anjelica\lib\swing-layout-1.0.4.jar;C:\Users\cpuente\Documents\anjelica\lib\velocity-1.7-dep.jar;C:\Users\cpuente\Documents\anjelica\lib\xalan-2.7.1.jar;C:\Users\cpuente\Documents\anjelica\lib\xercesImpl-2.10.0.jar;C:\Users\cpuente\Documents\anjelica\lib\xml-apis-ext.jar;C:\Users\cpuente\Documents\anjelica\lib\xml-apis.jar;C:\Users\cpuente\Documents\anjelica\lib\xmlbeans-2.5.0.jar;C:\Users\cpuente\Documents\anjelica\lib\postgresql-9.3-1102.jdbc3.jar;C:\Users\cpuente\Documents\NetBeansPro
Launcher Type: SUN_STANDARD

Environment Variables:
PATH=C:\ProgramData\Oracle\Java\javapath;C:\Program Files (x86)\Intel\iCLS Client\;C:\Program Files\Intel\iCLS Client\;C:\WINDOWS\system32;C:\WINDOWS;C:\WINDOWS\System32\Wbem;C:\WINDOWS\System32\WindowsPowerShell\v1.0\;C:\Program Files (x86)\Intel\Intel(R) Management Engine Components\DAL;C:\Program Files\Intel\Intel(R) Management Engine Components\DAL;C:\Program Files (x86)\Intel\Intel(R) Management Engine Components\IPT;C:\Program Files\Intel\Intel(R) Management Engine Components\IPT;C:\Program Files (x86)\PuTTY\;C:\Program Files (x86)\Skype\Phone\
USERNAME=cpuente
OS=Windows_NT
PROCESSOR_IDENTIFIER=Intel64 Family 6 Model 61 Stepping 4, GenuineIntel



---------------  S Y S T E M  ---------------

OS: Windows 10.0 , 64 bit Build 10586 (10.0.10586.0)

CPU:total 4 (2 cores per cpu, 2 threads per core) family 6 model 61 stepping 4, cmov, cx8, fxsr, mmx, sse, sse2, sse3, ssse3, sse4.1, sse4.2, popcnt, avx, avx2, aes, clmul, erms, 3dnowpref, lzcnt, ht, tsc, tscinvbit, bmi1, bmi2, adx

Memory: 4k page, physical 8301896k(3479256k free), swap 9612616k(3560264k free)

vm_info: Java HotSpot(TM) 64-Bit Server VM (25.91-b15) for windows-amd64 JRE (1.8.0_91-b15), built on May 20 2016 17:43:15 by "java_re" with MS VC++ 10.0 (VS2010)

time: Mon Aug 22 08:52:48 2016
elapsed time: 194 seconds (0d 0h 3m 14s)

